[    0.000000] nitializing cgroup subsys cpuset
[    0.000000Initializing cgroup subsys cpu
[    0.000000] Initializing cgroup subsys uacct
[    0.000000] Linux version 4.4.0-137-generic (buildd@lgw01-amd64-037) (gcc version 5.4.0 20160609 (Ubuntu 5.4.0-6ubuntu1~16.04.10) ) #163-Ubuntu SMP Mon Sep 24 13:14:43 UTC 2018 (Ubuntu 4.4.0-137.163-generic 4.4.144)
[    0.000000] ommand line: BOOT_IMAE=/boot/mllinuz4.4.0-137-generic root=LABEL=cloudimg-rootfs ro console=tt1 console=ttyS0
[    0.000000] KERNEL supported cpus:
[    0.000000]   Intel GenuineIntel
[    0.000000]   AMD AuthenticAMD
[    0.000000]   Centaur CentaurHauls
[    0.000000] x86/fpu: xstate_offset[2]:  576, xstate_sizes[2]:  256
[    0.000000] x86/fpu: Supporting XSAVE feature 0x01: 'x87 floating point registers'
[    0.000000] x86/fpu: Supporting XSAVE fature 0x02: 'SSE registrs'
[    0.00000] x8/fpu Supporting XSAVE feature 0x04: 'AV registes'
[    0.000000] x86/fpu: Enabled xstate features 0x7, context size is 832 bytes, using 'standard' frmat.
[    0.000000] e820: BOS-provided physical RAM map:
[    0.000000] BIOS-e820: [mem 0x0000000000000000-0x000000000009fbff] usale
[   0.00000] BIOS-e820: [mem 0x000000000009fc00-0x000000000009ffff] reserved
[    0.000000] BIOS-e820: [mem 0x0000000000f0000-0x00000000000fffff] reserved
[   0.000000] BIOS-e820: [mem 0x00000000001000000x00000000ffeffff] usable
[   0.000000] BIOS-e820: [mem 0x000000003fff0000-0x000000003fffffff] ACPI data
[    0.000000] BIOS-e820: [mem 0x0000000fec00000-0x0000000fec00fff] reserved
[    0.000000] BIOS-e820: [mem 0x00000000fee00000-0x000000fee00fff] reserved
[    0.000000] IOS-e820: [mem 0x00000000fffc0000-0x00000000ffffffff] reserved
[    0.000000] NX (Execute Disable) protection: active
[    0.000000] SMBIOS 2.5 prese.
[    0.000000] Hypervisor detected: KVM
[    .000000] e820: last_pfn = 0x3fff0 max_arch_pfn = 0x400000000
[    0.00000] MTRR: Disabled
[   0.000000] x86/PAT: MTRRs disabled, skipping PAT initialization too.
[    0.000000] CPU MTRRs all blank - virtualized system.
[    0.000000] x86/PAT: Configuration [0-7]: WB  WT  UC- UC  WB  WT  UC- UC  
[    0.000000] found SMP MP-tale at [mem 0x0009ff0-0x0009ffff] mapped at [ffff88000009fff0]
[    0.000000] Scanning 1 areas or low memory corruption
[    0.000000] RAMDISK: [mem 0x3630a000-0x3717cfff]
[    0.000000] ACPI: Early table checksum erification disabled
[    .000000] ACPI: RSDP 0x00000000000E0000 00004 (v02 VBOX  )
[    0.000000] ACPI: XSDT 0x000000003FFF0030 00003C (01 VBOX   VBOXXSDT 00000001 ASL  00000061)
[    0.000000] ACPI: FACP 0x000000003FFF00F0 0000F4 (v04 VBOX  VOXFACP 00000001 ASL  00000061)
[    0.000000] ACPI: DSDT 0x000000003FFF0470 0021FF (v02VBOX   VBOXBIOS00000002 INTL 20100528)
[    0.00000] AI: FACS 0x000000003FFF0200 000040
[    0.000000] ACPI: FACS 0x000000003FFF0200 000040
[    0.00000] ACPI: APIC 0x000000003FFF0240 00005C (v02 VBOX   VBOXAPIC 00000001 ASL  00000061)
[    0.000000] ACPI: SSDT 0x000000003FFF02A0 0001CC (v01 VBOX   VBOXCPUT 00000002 INTL 2010052)
[    0.000000] No NUMA configuration found
[    0.000000] Faking a node at [mem 0x0000000000000000-0x000000003ffeffff]
[    0.000000] NE_DATA(0)allocated mem 0x3ffeb000-0x3ffeffff]
[   0.000000] kvm-clock: Using msrs 4b564d01 and b56400
[    0.000000] kvm-clock:cpu 0, msr 0:3ffe3001, priary cpuclock
[    0.000000] kvm-clock: using sched offset of 8345524467 cycles
[    0.000000] clocksourc: kvm-clock: mas: 0xffffffffffffffff max_cycles: 0x1cd42e4dffb, max_idle_ns: 881590591483 ns
[    0.000000] Zone ranges:
[    0.000000]   DMA      [mem 0x000000000001000-0x0000000000ffffff]
[    0.000000]   DMA32    [mem 0x000000001000000-x000000003ffeffff]
[    0.00000]   Normal   empty
[    0.000000]  Device   empty
[   0.000000] Movable zone start fr each node
[    0.000000] Early memory node rangs
[    0.000000]   node   0: [mem 0x00000000000011000-0x000000000009efff]
[    0.00000]  node   : [mem 0x0000000000100000-0x000000003ffeffff]
[    0.000000] Iitmem setup node 0 [mem 0x0000000000001000-0x000000003ffeffff]
[    0.000000] API:PM-Timer O Port: 04008
[    0.000000] IOAPIC[0]: apic_id 2, version 32, addess 0xfec00000, GSI 0-23
[    0.000000] ACPI: INT_SC_OVR (bus 0 bus_irq 0 global_irq  dfl dfl)
[    0.000000] ACPI: INT_SRC_OVR (bus 0 bus_irq 9 globa_irq 9 low evel)
[    0.000000] Using ACPI (MADT) for SMP configuration information
[    0.000000] smpboot: Allowing 2 CPUs, 0 otplug CPUs
[    0.00000 PM: Registered nosave memory: [mem 0x00000000-0x00000fff]]
[    0.000000] PM: Registered nosave memory: [mem0x0009f000-x0009fff]
[    0.000000] PM: Registerednosave mmory: [mem 0x000a0000-0x000effff]
[    0.000000] PM: Registred nosave memory: [mem 0x000f0000-0x000fffff]
[    0.000000] e820: [mem 0x40000000-0xfebfffff] available for PCI devices
[    0.000000] Booting paravirtualized kenel on KVM
[   0.000000] clocksource refined-jiffies: mask: 0xffffffff max_cycles: 0xffffffff, max_idle_ns: 7645519600211568 ns
[    0.000000] setup_percpu: NR_CPUS:512 nr_cpumask_bits:512 nr_cpu_ids:2 nr_node_ids:1
[    0.000000] PERCPU: Embedded 34 pages/pu @ffff88003fc00000 s99608 r8192 d31464 u1048576
[    0.000000] PV qspinlock hash table entries: 26 (orde: 0, 4096 bytes)
[    0.000000] Built 1 zonelists in Node order, mobility grouping on  Total pages: 57912
[    0.000000] Policy zone: DMA32
[    0.000000] Kernel command line: BOOT_IMAGE=/boot/vmlinuz-4.4.0-137-generic root=LABEL=cloudimg-rootfs ro console=tty1 console=ttyS0
[    0.000000] PID hash table ntries: 406 (order: 3, 32768bytes)
[    0.000000] Memory 997708K/1048120K available (8555K kernel code, 1314K rwdata, 4004K rodata, 1528K init, 1316K bss, 50412K reserved, 0K cma-reserved)
[    0.00000] SLUB: HWalin=64, Order=-3, MinObjects=0, CPUs=2, Nodes=1
[    0.000000] Kernel/Use pag tables isolation: enabled
[   0.000000] Hierarchical CU implementation.
[    0.000000] 	Build-time adjustment of leaf fanot to 64.
[    0.000000] 	RCU restricting CPUs from NR_CPUS=52 to nr_cpu_ids=2.
[    .000000] RCU: Adjusting geometry for rcu_fanout_leaf=64, nr_cpu_ids=2
[    0.000000] NR_IRQS:33024 nr_irqs:440 16
[    0.000000] Console: colour VGA+ 80x25
[    0.000000] consle [tty] enabled
[   0.00000] console [ttyS0] enabled
[    0.000000] tsc: Dtectd 1599.999 MHz processor
[    2.971189] Calirating delay loop (skipped) preset value.. 3199.99 BogoMIPS (lpj=6399996)
[    3.000960] pid_max: default: 32768 minimum: 301
[    3.017644] ACPI: Core revision 20150930
[    3.024579] ACPI: 2 ACPI AML tables successfully acquired and loaded
[    3.028459] Security Framework initialized
[    3.032623] Yama: becoming mindful.
[    3.034748] AppArmor: AppArmor initialized
[    3.039281] Dentry cache hash table entries: 131072 (order: 8, 1048576 bytes)
[    3.045354] Inode-cache hash table entries: 65536 (order: 7, 524288 bytes)
[    3.068255] Mount-cache hash table entries: 2048 (order: 2, 16384 bytes)
[    3.080374] Mountpoint-cache hash table entries: 2048 (order: 2, 16384 bytes)
[    3.096462] Initializing cgroup subsys io
[    3.098489] Initializing cgroup subsys memory
[    3.100692] Initializing cgroup subsys devices
[    3.115382] Initializing cgroup subsys freezer
[    3.118329] Initializing cgroup subsys net_cls
[    3.123768] Initializing cgroup subsys perf_event
[    3.129238] Initializing cgroup subsys net_prio
[    3.131593] Initializing cgroup subsys hugetlb
[    3.143465] Initializing cgroup subsys pids
[    3.149184] mce: CPU supports 0 MCE banks
[    3.156042] Last level iTLB entries: 4KB 64, 2MB 8, 4MB 8
[    3.168107] Last level dTLB entries: 4KB 64, 2MB 0, 4MB 0, 1GB 4
[    3.175127] Spectre V2 : Mitigation: Full generic retpoline
[    3.177624] Spectre V2 : Spectre v2 mitigation: Speculation control IBPB not-supported IBRS not-supported
[    3.208757] Spectre V2 : Spectre v2 / SpectreRSB mitigation: Filling RSB on context switch
[    3.218726] Speculative Store Bypass: Vulnerable
[    3.223923] Freeing SMP alternatives memory: 32K
[    3.238803] ftrace: allocating 32265 entries in 127 pages
[    3.307470] smpboot: APIC(0) Converting physical 0 to logical package 0
[    3.320568] smpboot: Max logical packages: 1
[    3.335721] x2apic enabled
[    3.337176] Switched APIC routing to physical x2apic.
[    3.346204] ..TIMER: vector=0x30 apic1=0 pin1=2 apic2=-1 pin2=-1
[    3.455095] smpboot: CPU0: Intel(R) Core(TM) i5-5250U CPU @ 1.60GHz (family: 0x6, model: 0x3d, stepping: 0x4)
[    3.484863] Performance Events: unsupported p6 CPU model 61 no PMU driver, software events only.
[    3.501774] KVM setup paravirtual spinlock
[    3.504393] x86: Booting SMP configuration:
[    3.507923] .... node  #0, CPUs:      #1
[    3.515960] kvm-clock: cpu 1, msr 0:3ffe3041, secondary cpu clock
[    3.519319] mce: CPU supports 0 MCE banks
[    3.522789] x86: Booted up 1 node, 2 CPUs
[    3.524849] smpboot: Total of 2 processors activated (6399.99 BogoMIPS)
[    3.530267] devtmpfs: initialized
[    3.533321] evm: security.selinux
[    3.539849] evm: security.SMACK64
[    3.547989] evm: security.SMACK64EXEC
[    3.549609] evm: security.SMACK64TRANSMUTE
[    3.551559] evm: security.SMACK64MMAP
[    3.553113] evm: security.ima
[    3.559909] evm: security.capability
[    3.562046] clocksource: jiffies: mask: 0xffffffff max_cycles: 0xffffffff, max_idle_ns: 7645041785100000 ns
[    3.572733] futex hash table entries: 512 (order: 3, 32768 bytes)
[    3.578077] pinctrl core: initialized pinctrl subsystem
[    3.586549] RTC time: 12:03:54, date: 11/20/18
[    3.588818] NET: Registered protocol family 16
[    3.614912] cpuidle: using governor ladder
[    3.631515] cpuidle: using governor menu
[    3.635641] PCCT header not found.
[    3.638249] ACPI: bus type PCI registered
[    3.643873] acpiphp: ACPI Hot Plug PCI Controller Driver version: 0.5
[    3.650045] PCI: Using configuration type 1 for base access
[    3.688714] ACPI: Added _OSI(Module Device)
[    3.692036] ACPI: Added _OSI(Processor Device)
[    3.707220] ACPI: Added _OSI(3.0 _SCP Extensions)
[    3.710288] ACPI: Added _OSI(Processor Aggregator Device)
[    3.719405] ACPI: Executed 1 blocks of module-level executable AML code
[    3.738733] ACPI: Interpreter enabled
[    3.740634] ACPI: (supports S0 S5)
[    3.742117] ACPI: Using IOAPIC for interrupt routing
[    3.745326] PCI: Using host bridge windows from ACPI; if necessary, use "pci=nocrs" and report a bug
[    3.763572] ACPI: PCI Root Bridge [PCI0] (domain 0000 [bus 00-ff])
[    3.769115] acpi PNP0A03:00: _OSC: OS supports [ASPM ClockPM Segments MSI]
[    3.772096] acpi PNP0A03:00: _OSC: not requesting OS control; OS requires [ExtendedConfig ASPM ClockPM MSI]
[    3.776486] acpi PNP0A03:00: fail to add MMCONFIG information, can't access extended PCI configuration space under this bridge.
[    3.781371] PCI host bridge to bus 0000:00
[    3.783249] pci_bus 0000:00: root bus resource [io  0x0000-0x0cf7 window]
[    3.785835] pci_bus 0000:00: root bus resource [io  0x0d00-0xffff window]
[    3.789404] pci_bus 0000:00: root bus resource [mem 0x000a0000-0x000bffff window]
[    3.797825] pci_bus 0000:00: root bus resource [mem 0x40000000-0xfdffffff window]
[    3.802186] pci_bus 0000:00: root bus resource [bus 00-ff]
[    3.812537] pci 0000:00:01.1: legacy IDE quirk: reg 0x10: [io  0x01f0-0x01f7]
[    3.820001] pci 0000:00:01.1: legacy IDE quirk: reg 0x14: [io  0x03f6]
[    3.837175] pci 0000:00:01.1: legacy IDE quirk: reg 0x18: [io  0x0170-0x0177]
[    3.841437] pci 0000:00:01.1: legacy IDE quirk: reg 0x1c: [io  0x0376]
[    3.890600] pci 0000:00:07.0: quirk: [io  0x4000-0x403f] claimed by PIIX4 ACPI
[    3.898715] pci 0000:00:07.0: quirk: [io  0x4100-0x410f] claimed by PIIX4 SMB
[    3.926492] ACPI: PCI Interrupt Link [LNKA] (IRQs 5 9 10 *11)
[    3.942137] ACPI: PCI Interrupt Link [LNKB] (IRQs 5 9 *10 11)
[    3.945540] ACPI: PCI Interrupt Link [LNKC] (IRQs 5 *9 10 11)
[    3.953400] ACPI: PCI Interrupt Link [LNKD] (IRQs 5 9 10 *11)
[    3.957009] ACPI: Enabled 2 GPEs in block 00 to 07
[    3.978359] vgaarb: setting as boot device: PCI:0000:00:02.0
[    3.984250] vgaarb: device added: PCI:0000:00:02.0,decodes=io+mem,owns=io+mem,locks=none
[    3.990038] vgaarb: loaded
[    3.991447] vgaarb: bridge control possible 0000:00:02.0
[    4.005572] SCSI subsystem initialized
[    4.008942] ACPI: bus type USB registered
[    4.011873] usbcore: registered new interface driver usbfs
[    4.018874] usbcore: registered new interface driver hub
[    4.028272] usbcore: registered new device driver usb
[    4.035965] PCI: Using ACPI for IRQ routing
[    4.038391] NetLabel: Initializing
[    4.044055] NetLabel:  domain hash size = 128
[    4.045779] NetLabel:  protocols = UNLABELED CIPSOv4
[    4.057168] NetLabel:  unlabeled traffic allowed by default
[    4.068966] amd_nb: Cannot enumerate AMD northbridges
[    4.088726] clocksource: Switched to clocksource kvm-clock
[    4.104641] AppArmor: AppArmor Filesystem Enabled
[    4.106891] pnp: PnP ACPI init
[    4.109973] pnp: PnP ACPI: found 3 devices
[    4.127466] clocksource: acpi_pm: mask: 0xffffff max_cycles: 0xffffff, max_idle_ns: 20857024 ns
[    183036] NET: Registered protocol family 2

[    4.236325] TCP established hash table entries: 8192 (order: 4, 65536 bytes)
[    4.23743] TCP bind hash table entries: 8192 (order: 5, 131072 bytes)
[    4.69187] TCP: Hash tables configured (established 8192 bind 8192)
[    4.297741] UDP ha tle entries: 512(order: 2, 16384 bytes)
[    4.432573 UDP-Lite hash table entries: 512 (order: 2, 16384 bytes)
[    .461262] NET: Registered protocol family 1
[   4.490119] pci 000:00:00.0: Limiting direct PCI/PCI transfers
[    4.545065] pci 0000:00:01.0: Activating ISA DMAhang workarounds
[    4.574319] Unpacking initramfs...

[    4.950570] Freeing initrd memory: 14796K
[    4.955542] RAPL PMU detected, API unit is 2^-32 Joules, 4 fixed counters 10737418240 ms ovfl timer
[    4.961452] hw unit of domain pp0-core 2^-0 Joules
[    4.963241] hw unit of domain package 2^-0 Joules
[    4.967859] hw unit of domain dram 2^-0 Joules
[    4.970175] hw unit of domain pp1-gpu 2^-0 Joules
[    4.974963] platform rtc_cmos: registered platform RTC device (no PNP device found)
[    4.999092] Scanning for low memory corruption every 60 seconds
[    5.011979] audit: initializing netlink subsys (disabled)
[    5.021851] audit: type=2000 audit(1542715442.543:1): initialized
[    5.028466] Initialise system trusted keyring
[    5.048878] HugeTLB registered 2 MB page size, pre-allocated 0 pages
[    5.080556] zbud: loaded
[    5.082287] VFS: Disk quotas dquot_6.6.0
[    5.084382] VFS: Dquot-cache hash table entries: 512 (order 0, 4096 bytes)
[    5.096292] squashfs: version 4.0 (2009/01/31) Phillip Lougher
[    5.111243] fuse init (API version 7.23)
[    5.118140] Key type big_key registered
[    5.128200] Allocating IMA MOK and blacklist keyrings.
[    5.151439] Key type asymmetric registered
[    5.161285] Asymmetric key parser 'x509' registered
[    5.165999] Block layer SCSI generic (bsg) driver version 0.4 loaded (major 249)
[    5.178508] io scheduler noop registered
[    5.180326] io scheduler deadline registered (default)
[    5.198448] io scheduler cfq registered
[    5.201509] pci_hotplug: PCI Hot Plug PCI Core version: 0.5
[    5.205866] pciehp: PCI Express Hot Plug Controller Driver version: 0.4
[    5.211156] ACPI: AC Adapter [AC] (on-line)
[    5.212929] input: Power Button as /devices/LNXSYSTM:00/LNXPWRBN:00/input/input0
[    5.216013] ACPI: Power Button [PWRF]
[    5.227285] input: Sleep Button as /devices/LNXSYSTM:00/LNXSLPBN:00/input/input1
[    5.239411] ACPI: Sleep Button [SLPF]
[    5.249039] GHES: HEST is not enabled!
[    5.250110] ACPI: Battery Slot [BAT0] (battery present)
[    5.262239] Serial: 8250/16550 driver, 32 ports, IRQ sharing enabled
[    5.289437] 00:02: ttyS0 aI/O 0x3f8 (irq = 4, base_baud = 115200) is a 16550A

[    5.351639]Linux agpgart interfacev0.103

[    5.410237] loop: module loaded
[    5.412698] scsi host0: ata_piix
[    5.414489] scsi host1: ata_piix
[    5.425585] ata1: PATA max UDMA/33 cmd 0x1f0 ctl 0x3f6 bmdma 0xd000 irq 14
[    5.440655] ata2: PATA max UDMA/33 cmd 0x170 ctl 0x376 bmdma 0xd008 irq 15
[    5.450852] libphy: Fixed MDIO Bus: probed
[    5.462500] tun: Universal TUN/TAP device driver, 1.6
[    5.469503]tun: (C) 199-2004Max Kasnyansky <maxk@qualcomm.com>
[    5.599746] PPP generic driver version 2.4.2
[    5.608424] ehci_hcd: USB 2.0 'Enhanced' Host Controller (EHCI) Driver
[    5.614476] ehci-pci: EHCI PCI platform driver
[    5.616407] ehci-platform: EHCI generic platform driver
[    5.624468] ohci_hcd: USB 1.1 'Open' Host Controller (OHCI) Driver
[    5.627176] ohci-pci: OHCI PCI platform driver
[    5.64692] ohci-platform: OHCI generic plaform driver
[  5.701279] uhci_hcd:USB Uniersal Host Contrller Interface driver
[    5.834119] i8042: PNP: PS/2 Controller [PNP0303:PS2K,PNP0f03:PS2M] at 0x60,0x64 irq 1,12
[    5.839432] serio: i8042 KBD port at 0x60,0x64 irq 1
[    5.841670] serio: i8042 AUX port at 0x60,0x64 irq 12

[    5.844590] mousedev: PS/2 mouse device common for all mice
[    5.854937] rtc_cmos rtc_cmos: rtc core: registered rtc_cmos as rtc0
[    5.882565] rtc_cmos rtc_cmos: alarms up to one day, 114 bytes nvram
[    5.897144] i2c /dev entries driver
[    5.899003] input: AT Translated Set 2 keyboard as /devices/platform/i8042/serio0/input/input2
[    5.911154] device-mapper: uevent: version 1.0.3
[    5.931220] device-mapper: ioctl: 4.34.0-ioctl (2015-10-28) initialised: dm-devel@redhat.com
[    5.947036] ledtrig-cpu: registered to indicate activity on CPUs
[    5.959095] NET: Registered protocol family 10
[    5.971200] NET: Registered protocol family 17
[    5.981872] tsc: Refined TSC clocksource calibration: 1599.424 MHz
[    5.989195] Key type dns_resolver registered
[    5.996211] registered taskstats version 1
[    5.996274] Loading compiled-in X.509 certificates
[    5.999250] Loaded X.509 cert 'Build time autogenerated kernel key: 20acc96b50ca7641011eace69d32209215a9b56f'
[    5.999297] zswap: loaded using pool lzo/zbud
[    6.020896] Key type trusted registered
[    6.025706] Key type encrypted registered
[    6.025718] AppArmor: AppArmor sha1 policy hashing enabled
[    6.025722] ima: No TPM chip found, activating TPM-bypass!
[    6.025730] ima: Allocated hash algorithm: sha1
[    6.025754] evm: HMAC attrs: 0x1
[    6.026408]   Magic number: 10:319:77
[    6.037864] rtc_cmos rtc_cmos: setting system clock to 2018-11-20 12:03:57 UTC (1542715437)
[    6.038046] BIOS EDD facility v0.16 2004-Jun-25, 0 devices found
[    6.038046] EDD information not available.
[    6.244855] clocksource: tsc: mask: 0xffffffffffffff max_cycles: 0x17004eee0f, max_idle_ns: 440795283797 ns
[    6.356824] Freeing unused kernel memory: 1528K
[    6.377774] Write protecting the kernel read-only data: 14336k
[    6.647373] Freeing unused kernel memory: 1672K
[    6.852391] Freeing unused kernel memory: 92K
Loading, please wait...
starting version 229
[    6.877756] random: systemd-udevd: uninitialized urandom read (16 bytes read, 7 bits of entropy available)
[    6.878722] random: udevadm: uninitialized urandom read (16 bytes read, 7 bits of entropy available)
[    6.878747] random: udevadm: uninitialized urandom read (16 bytes read, 7 bits of entropy available)
[    6.888631] random: udevadm: uninitialized urandom read (16 bytes read, 7 bits of entropy available)
[    6.888708] random: udevadm: uninitialized urandom read (16 bytes read, 7 bits of entropy available)
[    6.889248] random: udevadm: uninitialized urandom read (16 bytes read, 7 bits of entropy available)
[    6.889338] random: udevadm: uninitialized urandom read (16 bytes read, 7 bits of entropy available)
[    6.889476] random: udevadm: uninitialized urandom read (16 bytes read, 7 bits of entropy available)
[    6.889560] random: udevadm: uninitialized urandom read (16 bytes read, 7 bits of entropy available)
[    6.889649] random: udevadm: uninitialized urandom read (16 bytes read, 7 bits of entropy available)
[    7.024645] Fusion MPT base driver 3.04.20
[    7.026632] Copyright (c) 1999-2008 LSI Corporation
[    7.032410] e1000: Intel(R) PRO/1000 Network Driver - version 7.3.21-k8-NAPI
[    7.035939] e1000: Copyright (c) 1999-2006 Intel Corporation.
[    7.065400] Fusion MPT SPI Host driver 3.04.20
[    7.083158] AVX2 version of gcm_enc/dec engaged.
[    7.093509] AES CTR mode by8 optimization enabled
[    7.248828] input: ImExPS/2 Generic Explorer Mouse as /devices/platform/i8042/serio1/input/input4
[    7.573248] e1000 0000:00:03.0 eth0: (PCI:33MHz:32-bit) 02:20:67:8c:d5:af
[    7.578716] e1000 0000:00:03.0 eth0: Intel(R) PRO/1000 Network Connection
[    8.095842] e1000 0000:00:08.0 eth1: (PCI:33MHz:32-bit) 08:00:27:4f:80:6b
[    8.120467] e1000 0000:00:08.0 eth1: Intel(R) PRO/1000 Network Connection
[    8.138852] mptbase: ioc0: Initiating bringup
[    8.142851] e1000 0000:00:03.0 enp0s3: renamed from eth0
[    8.161450] e1000 0000:00:08.0 enp0s8: renamed from eth1
[    8.201321] ioc0: LSI53C1030 A0: Capabilities={Initiator}
[    8.369305] scsi host2: ioc0: LSI53C1030 A0, FwRev=00000000h, Ports=1, MaxQ=256, IRQ=20
[    8.493634] scsi 2:0:0:0: Direct-Access     VBOX     HARDDISK         1.0  PQ: 0 ANSI: 5
[    8.530003] scsi target2:0:0: Beginning Domain Validation
[    8.537018] scsi target2:0:0: Domain Validation skipping write tests
[    8.539956] scsi target2:0:0: Ending Domain Validation
[    8.547168] scsi target2:0:0: asynchronous
[    8.552489] scsi 2:0:1:0: Direct-Access     VBOX     HARDDISK         1.0  PQ: 0 ANSI: 5
[    8.585268] scsi target2:0:1: Beginning Domain Validation
[    8.653010] scsi target2:0:1: Domain Validation skipping write tests
[    8.655912] scsi target2:0:1: Ending Domain Validation
[    9.070278] scsi target2:0:1: asynchronous
[    9.087782] sd 2:0:0:0: Attached scsi generic sg0 type 0
[    9.090367] sd 2:0:0:0: [sda] 20971520 512-byte logical blocks: (10.7 GB/10.0 GiB)
[    9.094192] sd 2:0:1:0: Attached scsi generic sg1 type 0
[    9.094206] sd 2:0:0:0: [sda] Write Protect is off
[    9.108066] sd 2:0:1:0: [sdb] 20480 512-byte logical blocks: (10.5 MB/10.0 MiB)
[    9.114187] sd 2:0:0:0: [sda] Incomplete mode parameter data
[    9.114189] sd 2:0:0:0: [sda] Assuming drive cache: write through
[    9.133504] sd 2:0:1:0: [sdb] Write Protect is off
[    9.138448] sd 2:0:1:0: [sdb] Incomplete mode parameter data
[    9.143980] sd 2:0:1:0: [sdb] Assuming drive cache: write through
[    9.147817]  sda: sda1
[    9.150067] sd 2:0:0:0: [sda] Attached SCSI disk
[    9.189083] sd 2:0:1:0: [sdb] Attached SCSI disk
Begin: Loading essential drivers ... [   10.709553] md: linear personality registered for level -1
[   10.719702] md: multipath personality registered for level -4
[   10.736266] md: raid0 personality registered for level 0
[   10.753348] md: raid1 personality registered for level 1
[   10.833532] raid6: sse2x1   gen()  7949 MB/s
[   10.916755] raid6: sse2x1   xor()  5531 MB/s
[   10.984772] raid6: sse2x2   gen()  9358 MB/s
[   11.077329] raid6: sse2x2   xor()  6310 MB/s
[   11.157630] raid6: sse2x4   gen() 11136 MB/s
[   11.236887] raid6: sse2x4   xor()  7480 MB/s
[   11.308838] raid6: avx2x1   gen() 14801 MB/s
[   11.379657] raid6: avx2x2   gen() 14211 MB/s
[   11.449333] raid6: avx2x4   gen() 17612 MB/s
[   11.456964] raid6: using algorithm avx2x4 gen() 17612 MB/s
[   11.475435] raid6: using avx2x2 recovery algorithm
[   11.482999] xor: automatically using best checksumming function:
[   11.533375]    avx       : 22238.000 MB/sec
[   11.542835] async_tx: api initialized (async)
[   11.564827] md: raid6 personality registered for level 6
[   11.576985] md: raid5 personality registered for level 5
[   11.597528] md: raid4 personality registered for level 4
[   11.624557] md: raid10 personality registered for level 10
done.
Begin: Running /scripts/init-premount ... done.
Begin: Mounting root file system ... Begin: Running /scripts/local-top ... done.
Begin: Running /scripts/local-premount ... [   11.674007] Btrfs loaded
Scanning for Btrfs filesystems
done.
Warning: fsck not present, so skipping root file system
[   11.797139] EXT4-fs (sda1): INFO: recovery required on readonly filesystem
[   11.806194] EXT4-fs (sda1): write access will be enabled during recovery
[   11.989142] EXT4-fs (sda1): recovery complete
[   12.242443] EXT4-fs (sda1): mounted filesystem with ordered data mode. Opts: (null)
done.
Begin: Running /scripts/local-bottom ... done.
Begin: Running /scripts/init-bottom ... done.
[   12.829455] systemd[1]: systemd 229 running in system mode. (+PAM +AUDIT +SELINUX +IMA +APPARMOR +SMACK +SYSVINIT +UTMP +LIBCRYPTSETUP +GCRYPT +GNUTLS +ACL +XZ -LZ4 +SECCOMP +BLKID +ELFUTILS +KMOD -IDN)
[   12.845275] systemd[1]: Detected virtualization oracle.
[   12.848969] systemd[1]: Detected architecture x86-64.

Welcome to [1mUbuntu 16.04.5 LTS[0m!

[   12.872674] systemd[1]: Set hostname to <postgresql>.
[   13.217635] random: nonblocking pool is initialized
[   13.650087] systemd[1]: Reached target Swap.
[[0;32m  OK  [0m] Reached target Swap.
[   13.665765] systemd[1]: Set up automount Arbitrary Executable File Formats File System Automount Point.
[[0;32m  OK  [0m] Set up automount Arbitrary Executab...ats File System Automount Point.
[   13.698368] systemd[1]: Listening on /dev/initctl Compatibility Named Pipe.
[[0;32m  OK  [0m] Listening on /dev/initctl Compatibility Named Pipe.
[   13.739344] sstemd[1]: istening on Deve-mapper event daemon FIFOs.

[[0;32m  OK  [0m] Listening on Device-mapper event daemon FIFOs.
[   13.875446]systemd[1]: Listening on Journal Socket (/dev/log).
[[0;32m  OK  [0m] Listening on Journal Socket (/dev/log).
[   13.929896] systemd[1]: Reached target User and Group Name Lookups.
[[0;32m  OK  [0m] Reached target User and Group Name Lookups.
[  13.997993] systemd[1]: Started Forward Passwod Requests to Wall Director Watch.

[[0;32m  OK  [0m] Started Forward Password Requests to Wall Directory Watch.
[   14.1273] systemd[1]: Reached target System Time Synchronized.
[[0;32m  OK  [0m] Reached target System Time Synchronized.
[   14.259197] systemd[1]: Listening on udev Control Soct.

[[0;32m  OK  [0m] Listening on udev Control Socket.
[   14.334569] systemd[1]: Listening on Journal Socket.
[[0;32m  OK  [0m] Listening on Journal Socket.
[   14.355137] systemd[1]: Started Trigger resolvconf update for networkd DNS.
[[0;32m  OK  [0m] Started Trigger resolvconf update for networkd DNS.
[   14.363199] systemd[1]: Listening on udev Kernel Socket.
[[0;32m  OK  [0m] Listening on udev Kernel Socket.
[   14.377843] systemd[1]: Listening on Journal Audit Socket.
[[0;32m  OK  [0m] Listening on Journal Audit Socket.
[   14.393370] systemd[1]: Listening on Syslog Socket.
[[0;32m  OK  [0m] Listening on Syslog Socket.
[   14.413507] systemd[1]: Reached target Encrypted Volumes.
[[0;32m  OK  [0m] Reached target Encrypted Volumes.
[   14.438320] systemd[1]: Created slice User and Session Slice.
[[0;32m  OK  [0m] Created slice User and Session Slice.
[   14.474526] systemd[1]: Created slice System Slice.
[[0;32m  OK  [0m] Created slice System Slice.
[   14.497773] systemd[1]: Starting Uncomplicated firewall...
         Starting Uncomplicated firewall...
[   14.511091] systemd[1]: Created slice system-serial\x2dgetty.slice.
[[0;32m  OK  [0m] Created slice system-serial\x2dgetty.slice.
[   14.557655] systemd[1]: Starting Remount Root and Kernel File Systems...
         Starting Remount Root and Kernel File Systems...
[   14.593424] EXT4-fs (sda1): re-mounted. Opts: (null)
[   14.661308] systemd[1]: Mounting Debug File System...
         Mounting Debug File System...
[   14.682225] systemd[1]: Reached target Slices.
[[0;32m  OK  [0m] Reached target Slices.
[   14.694854] systemd[1]: Starting Set console keymap...
         Starting Set console keymap...
[   14.702764] systemd[1]: Starting Create list of required static device nodes for the current kernel...
         Starting Create list of required st... nodes for the current kernel...
[   14.745058] systemd[1]: Starting Load Kernel Modules...
         Starting Load Kernel Modules...
[   14.750589] systemd[1]: Mounting POSIX Message Queue File System...
         Mounting POSIX Message Queue File System...
[   14.759691] systemd[1]: Starting Journal Service...
         Starting Journal Service...
[   14.768535] Loading iSCSI transport class v2.0-870.
[   14.779133] systemd[1]: Starting Nameserver information manager...
         Starting Nameserver information manager...
[   14.787647] iscsi: registered transport (tcp)
[   14.789032] systemd[1]: Mounting Huge Pages File System...
         Mounting Huge Pages File System...
[   14.811736] systemd[1]: Listening on LVM2 metadata daemon socket.
[[0;32m  OK  [0m] Listening on LVM2 metadata daemon socket.
[   14.865141] systemd[1]: Starting Monitoring of LVM2 mirrors, snapshots etc. using dmeventd or progress polling...
[   14.885440] iscsi: registered transport (iser)
         Starting Monitoring of LVM2 mirrors... dmeventd or progress polling...
[   14.917902] systemd[1]: Listening on LVM2 poll daemon socket.
[[0;32m  OK  [0m] Listening on LVM2 poll daemon socket.
[   14.954920] systemd[1]: Mounted Huge Pages File System.
[[0;32m  OK  [0m] Mounted Huge Pages File System.
[   14.981594]systemd[1]: Mounted POSIX Message Queue File System.

[[0;32m  OK  [0m] Mounted POSIX Message Queue File System.
[   15.08106] sytemd[1]: Mounted Debug File System

[[0;32m  OK  [0m] Mounted Debug File System.
[  15.179172] systemd[1]: Started Journal ervice.

[[0;32m  OK  [0m] Started Journal Service.
[[0;32m  OK  [0m] Started Uncomplicated firewall.
[[0;32m  OK  [0m] Started Remount Root and Kernel File Systems.
[[0;32m  OK  [0m] Started Set console keymap.
[[0;32m  OK  [0m] Started Create list of required sta...ce nodes for the current kernel.
[[0;32m  OK  [0m] Started Load Kernel Modules.
[[0;32m  OK  [0m] Started Nameserver information manager.
[[0;32m  OK  [0m] Started LVM2 metadata daemon.
         Mounting FUSE Control File System...
         Starting Apply Kernel Variables...
         Starting Create Static Device Nodes in /dev...
         Starting udev Coldplug all Devices...
         Starting Load/Save Random Seed...
         Starting Flush Journal to Persistent Storage...
[[0;32m  OK  [0m] Mounted FUSE Control File System.
[[0;32m  OK  [0m] Started Apply Kernel Variables.
[[0;32m  OK  [0m] Started Monitoring of LVM2 mirrors,...ng dmeventd or progress polling.
[[0;32m  OK  [0m] Started Create Static Device Nodes in /dev.
[[0;32m  OK  [0m] Started Load/Save Random Seed.
[[0;32m  OK  [0m] Started udev Coldplug all Devices.
[[0;32m  OK  [0m] Started Flush Journal to Persistent Storage.
         Starting udev Kernel Device Manager...
[[0;32m  OK  [0m] Started udev Kernel Device Manager.
[[0;32m  OK  [0m] Reached target Local File Systems (Pre).
[[0;32m  OK  [0m] Reached target Local File Systems.
         Starting Initial cloud-init job (pre-networking)...
         Starting Create Volatile Files and Directories...
         Starting Tell Plymouth To Write Out Runtime Data...
         Starting Set console font and keymap...
         Starting LSB: AppArmor initialization...
[[0;32m  OK  [0m] Started Dispatch Password Requests to Console Directory Watch.
[[0;32m  OK  [0m] Started Create Volatile Files and Directories.
[[0;32m  OK  [0m] Started Tell Plymouth To Write Out Runtime Data.
         Starting Update UTMP about System Boot/Shutdown...
[[0;32m  OK  [0m] Found device /dev/ttyS0.
[[0;32m  OK  [0m] Listening on Load/Save RF Kill Switch Status /dev/rfkill Watch.
[[0;32m  OK  [0m] Started LSB: AppArmor initialization.
[[0;32m  OK  [0m] Started Update UTMP about System Boot/Shutdown.
[[0;32m  OK  [0m] Found device 82540EM Gigabit Ethern...r (PRO/1000 MT Desktop Adapter).
[[0;32m  OK  [0m] Found device 82540EM Gigabit Ethern...r (PRO/1000 MT Desktop Adapter).
[[0;32m  OK  [0m] Started Set console font and keymap.
[[0;32m  OK  [0m] Created slice system-getty.slice.
[   15.627381] cloud-init[474]: Cloud-init v. 18.3-9-g2e62cb8a-0ubuntu1~16.04.2 running 'init-local' at Tue, 20 Nov 2018 12:04:09 +0000. Up 14.96 seconds.
[[0;32m  OK  [0m] Started Initial cloud-init job (pre-networking).
[[0;32m  OK  [0m] Reached target Network (Pre).
[[0;32m  OK  [0m] Started ifup for enp0s3.
[[0;32m  OK  [0m] Started ifup for enp0s8.
         Starting Raise network interfaces...
[[0;32m  OK  [0m] Started Raise network interfaces.
         Starting Initial cloud-init job (metadata service crawler)...
[[0;32m  OK  [0m] Reached target Network.
[   17.030974] cloud-init[1054]: Cloud-init v. 18.3-9-g2e62cb8a-0ubuntu1~16.04.2 running 'init' at Tue, 20 Nov 2018 12:04:11 +0000. Up 16.34 seconds.
[   17.077449] cloud-init[1054]: ci-info: ++++++++++++++++++++++++++++++++++++++Net device info+++++++++++++++++++++++++++++++++++++++
[   17.121078] cloud-init[1054]: ci-info: +--------+------+-----------------------------+---------------+--------+-------------------+
[   17.122102] cloud-init[1054]: ci-info: | Device |  Up  |           Address           |      Mask     | Scope  |     Hw-Address    |
[[0;32m  OK  [0m] Started Initial cloud-init job (metadata service crawler).
[   17.123254] cloud-init[1054]: ci-info: +--------+------+-----------------------------+---------------+--------+-------------------+
[   17.273422] cloud-init[1054]: ci-info: | enp0s3 | True |          10.0.2.15          | 255.255.255.0 | global | 02:20:67:8c:d5:af |
[   17.274327] cloud-init[1054]: ci-info: | enp0s3 | True |  fe80::20:67ff:fe8c:d5af/64 |       .       |  link  | 02:20:67:8c:d5:af |
[[   17.274423] [0;32m  OK  [0mcloud-init] [1054]: Reached target Network is Online.ci-info: | enp0s8 | True |        192.168.10.150       | 255.255.255.0 | global | 08:00:27:4f:80:6b |

[   17.275300] cloud-init[1054]: ci-info: | enp0s8 | True | fe80::a00:27ff:fe4f:806b/64 |       .       |  link  | 08:00:27:4f:80:6b |
[   17.487527] cloud-init[1054]: ci-info: |   lo   | True |          127.0.0.1          |   255.0.0.0   |  host  |         .         |
[   17.508605] cloud-init[1054]: ci-info: |   lo   | True |           ::1/128           |       .       |  host  |         .         |         
Starting iSCSI initiator daemon (iscsid)...
[[0;32m  OK  [0m] Reached target System Initialization.
[   17.554631] cloud-init[1054]: ci-info: +--------+------+-----------------------------+---------------+--------+-------------------+
[   17.605622] cloud-init[1054]: ci-info: ++++++++++++++++++++++++++++Route IPv4 info++++++++++++++++++++++++++++
[   17.608330] cloud-init[1054]: ci-info: +-------+--------------+----------+---------------+-----------+-------+
         Starting LXD - unix socket.
[   17.611202] cloud-init[1054]: ci-info: | Route | Destination  | Gateway  |    Genmask    | Interface | Flags |
[   17.718817] cloud-init[1054]: ci-info: +-------+--------------+----------+---------------+-----------+-------+
         Starting Socket activation for snappy daemon.
[   17.722153] cloud-init[1054]: ci-info: |   0   |   0.0.0.0    | 10.0.2.2 |    0.0.0.0    |   enp0s3  |   UG  |
[[0;32m  OK  [0m[   17.770772] cloud-init[1054]: ci-info: |   1   |   10.0.2.0   | 0.0.0.0  | 255.255.255.0 |   enp0s3  |   U   |
] Started ACPI Events Check.
[   17.774161] cloud-init[1054]: ci-info: |   2   | 192.168.10.0 | 0.0.0.0  | 255.255.255.0 |   enp0s8  |   U   |
[[   17.859487] cloud-init[1054]: ci-info: +-------+--------------+----------+---------------+-----------+-------+
[   17.866204] cloud-init[1054]: ci-info: +++++++++++++++++++Route IPv6 info+++++++++++++++++++
[0;32m  OK  [0m] Reached target Paths.
[[   17.867689] cloud-init[1054]: ci-info: +-------+-------------+---------+-----------+-------+
[0;32m  OK  [0m] Listening on D-Bus System Message Bus Socket.
[   17.917215] cloud-init[1054]: ci-info: | Route | Destination | Gateway | Interface | Flags |
[   17.985488] cloud-init[1054]: ci-info: +-------+-------------+---------+-----------+-------+
[   17.986999] cloud-init[1054]: ci-info: |   0   |  fe80::/64  |    ::   |   enp0s8  |   U   |
[   17.987301] cloud-init[1054]: ci-info: |   1   |  fe80::/64  |    ::   |   enp0s3  |   U   |
[[0;32m  OK  [0m] Listening on ACPID Listen Socket.
[   17.989165] cloud-init[1054]: ci-info: |   4   |   ff00::/8  |    ::   |   enp0s8  |   U   |
[[0;32m  OK  [0m] Started Daily Cleanup of Temporary Directories.
[   18.149674] cloud-init[1054]: ci-info: |   5   |   ff00::/8  |    ::   |   enp0s3  |   U   |
[   18.150529] [[0;32m  OK  [0m] cloud-initListening on UUID daemon activation socket.[1054]: 
ci-info: +-------+-------------+---------+-----------+-------+
[[0;32m  OK  [0m] Started Daily apt download activities.
[[0;32m  OK  [0m] Started Daily apt upgrade and clean activities.
[[0;32m  OK  [0m] Reached target Timers.
[[0;32m  OK  [0m] Reached target Cloud-config availability.
[[0;32m  OK  [0m] Listening on LXD - unix socket.
[[0;32m  OK  [0m] Listening on Socket activation for snappy daemon.
[[0;32m  OK  [0m] Started iSCSI initiator daemon (iscsid).
         Starting Login to default iSCSI targets...
[[0;32m  OK  [0m] Reached target Sockets.
[[0;32m  OK  [0m] Reached target Basic System.
         Starting OpenBSD Secure Shell server...
         Starting LXD - container startup/shutdown...
         Starting LSB: MD monitoring daemon...
         Starting System Logging Service...
[[0;32m  OK  [0m] Started D-Bus System Message Bus.
[[0;32m  OK  [0m] Started FUSE filesystem for LXC.
         Starting Accounts Service...
         Starting Login Service...
[[0;32m  OK  [0m] Started Unattended Upgrades Shutdown.
         Starting Virtualbox guest utils...
[[0;32m  OK  [0m] Started Regular background program processing daemon.
         Starting /etc/rc.local Compatibility...
[[0;32m  OK  [0m] Started ACPI event daemon.
         Starting LSB: Record successful boot for GRUB...
         Starting Snappy daemon...
[[0;32m  OK  [0m] Started Deferred execution scheduler.
[[0;32m  OK  [0m] Started System Logging Service.
[[0;32m  OK  [0m] Started /etc/rc.local Compatibility.
[[0;32m  OK  [0m] Started OpenBSD Secure Shell server.
[[0;32m  OK  [0m] Started LXD - container startup/shutdown.
[[0;32m  OK  [0m] Started Login to default iSCSI targets.
[[0;32m  OK  [0m] Started LSB: MD monitoring daemon.
[[0;32m  OK  [0m] Started LSB: Record successful boot for GRUB.
[[0;32m  OK  [0m] Started Virtualbox guest utils.
[[0;32m  OK  [0m] Started Login Service.
         Starting Authenticate and Authorize Users to Run Privileged Tasks...
[[0;32m  OK  [0m] Reached target Remote File Systems (Pre).
[[0;32m  OK  [0m] Reached target Remote File Systems.
         Starting LSB: Set the CPU Frequency Scaling governor to "ondemand"...
         Starting LSB: daemon to balance interrupts for SMP systems...
         Starting Permit User Sessions...
         Starting LSB: automatic crash report generation...
[[0;32m  OK  [0m] Started Permit User Sessions.
[[0;32m  OK  [0m] Started Authenticate and Authorize Users to Run Privileged Tasks.
[[0;32m  OK  [0m] Started Accounts Service.
[[0;32m  OK  [0m] Started LSB: Set the CPU Frequency Scaling governor to "ondemand".
[[0;32m  OK  [0m] Started LSB: daemon to balance interrupts for SMP systems.
[[0;32m  OK  [0m] Started LSB: automatic crash report generation.
[[0;32m  OK  [0m] Started Snappy daemon.
         Starting Wait until snapd is fully seeded...
         Starting Terminate Plymouth Boot Screen...
         Starting Hold until boot process finishes up...
[[0;32m  OK  [0m] Started Wait until snapd is fully seeded.
[[0;32m  OK  [0m] Started Terminate Plymouth Boot Screen.
[[0;32m  OK  [0m] Started Hold until boot process finishes up.
[[0;32m  OK  [0m] Started Getty on tty1.
[[0;32m  OK  [0m] Started Serial Getty on ttyS0.
[[0;32m  OK  [0m] Reached target Login Prompts.
         Starting Set console scheme...
         Starting Apply the settings specified in cloud-config...
[[0;32m  OK  [0m] Reached target Multi-User System.
[[0;32m  OK  [0m] Reached target Graphical Interface.
         Starting Update UTMP about System Runlevel Changes...
[[0;32m  OK  [0m] Started Set console scheme.
[[0;32m  OK  [0m] Started Update UTMP about System Runlevel Changes.
[[0;32m  OK  [0m] Created slice User Slice of vagrant.
         Starting User Manager for UID 1000...
[[0;32m  OK  [0m] Started Session 1 of user vagrant.
[[0;32m  OK  [0m] Started User Manager for UID 1000.
[   20.767357] cloud-init[1287]: Cloud-init v. 18.3-9-g2e62cb8a-0ubuntu1~16.04.2 running 'modules:config' at Tue, 20 Nov 2018 12:04:15 +0000. Up 20.52 seconds.
[[0;32m  OK  [0m] Started Apply the settings specified in cloud-config.
         Starting Execute cloud user/final scripts...
[   21.754115] cloud-init[1369]: Cloud-init v. 18.3-9-g2e62cb8a-0ubuntu1~16.04.2 running 'modules:final' at Tue, 20 Nov 2018 12:04:16 +0000. Up 21.54 seconds.
[   21.765049] cloud-init[1369]: Cloud-init v. 18.3-9-g2e62cb8a-0ubuntu1~16.04.2 finished at Tue, 20 Nov 2018 12:04:16 +0000. Datasource DataSourceNoCloud [seed=/dev/sdb][dsmode=net].  Up 21.74 seconds
[[0;32m  OK  [0m] Started Execute cloud user/final scripts.
[[0;32m  OK  [0m] Reached target Cloud-init target.

Ubuntu 16.04.5 LTS postgresql ttyS0

postgresql login: 